<?xml version="1.0" encoding="UTF-8"?>
<testng-results ignored="0" total="1" passed="1" failed="0" skipped="0">
  <reporter-output>
  </reporter-output>
  <suite started-at="2024-04-09T17:23:12 IST" name="Default suite" finished-at="2024-04-09T17:23:21 IST" duration-ms="8120">
    <groups>
    </groups>
    <test started-at="2024-04-09T17:23:12 IST" name="Default test" finished-at="2024-04-09T17:23:21 IST" duration-ms="8120">
      <class name="CucumberJavaProject.sampleProject.FirstSeleniumProject">
        <test-method signature="testSearchText()[pri:0, instance:CucumberJavaProject.sampleProject.FirstSeleniumProject@429bffaa]" started-at="2024-04-09T17:23:12 IST" name="testSearchText" finished-at="2024-04-09T17:23:21 IST" duration-ms="8082" status="PASS">
          <reporter-output>
          </reporter-output>
        </test-method> <!-- testSearchText -->
      </class> <!-- CucumberJavaProject.sampleProject.FirstSeleniumProject -->
    </test> <!-- Default test -->
  </suite> <!-- Default suite -->
</testng-results>
